<?xml version="1.0" encoding="utf-8"?><testsuites name="pytest tests"><testsuite name="pytest" errors="0" failures="0" skipped="0" tests="14" time="4.935" timestamp="2026-03-06T05:07:51.590739+00:00" hostname="agent-env-f5520cac-8c8d-4ed9-b7a9-a036f5cfa95a"><testcase classname="backend.tests.test_dj_turntable_api.TestHealthEndpoints" name="test_health_check" time="0.153" /><testcase classname="backend.tests.test_dj_turntable_api.TestHealthEndpoints" name="test_root_endpoint" time="0.113" /><testcase classname="backend.tests.test_dj_turntable_api.TestStationsEndpoints" name="test_get_stations_default" time="0.884" /><testcase classname="backend.tests.test_dj_turntable_api.TestStationsEndpoints" name="test_get_stations_with_tag" time="0.806" /><testcase classname="backend.tests.test_dj_turntable_api.TestStationsEndpoints" name="test_get_stations_with_limit" time="0.585" /><testcase classname="backend.tests.test_dj_turntable_api.TestStationsEndpoints" name="test_search_stations" time="0.759" /><testcase classname="backend.tests.test_dj_turntable_api.TestStreamProxy" name="test_stream_endpoint_exists" time="0.109" /><testcase classname="backend.tests.test_dj_turntable_api.TestStreamProxy" name="test_stream_requires_url_param" time="0.105" /><testcase classname="backend.tests.test_dj_turntable_api.TestFavoritesEndpoints" name="test_add_favorite" time="0.255" /><testcase classname="backend.tests.test_dj_turntable_api.TestFavoritesEndpoints" name="test_get_favorites" time="0.234" /><testcase classname="backend.tests.test_dj_turntable_api.TestFavoritesEndpoints" name="test_delete_favorite" time="0.323" /><testcase classname="backend.tests.test_dj_turntable_api.TestFavoritesEndpoints" name="test_delete_nonexistent_favorite" time="0.216" /><testcase classname="backend.tests.test_dj_turntable_api.TestStatusEndpoints" name="test_create_status_check" time="0.119" /><testcase classname="backend.tests.test_dj_turntable_api.TestStatusEndpoints" name="test_get_status_checks" time="0.097" /></testsuite></testsuites>