<?xml version="1.0" encoding="utf-8"?><testsuites name="pytest tests"><testsuite name="pytest" errors="0" failures="0" skipped="0" tests="14" time="4.711" timestamp="2026-03-06T05:21:48.115916+00:00" hostname="agent-env-f5520cac-8c8d-4ed9-b7a9-a036f5cfa95a"><testcase classname="backend.tests.test_dj_turntable_api.TestHealthEndpoints" name="test_health_check" time="0.134" /><testcase classname="backend.tests.test_dj_turntable_api.TestHealthEndpoints" name="test_root_endpoint" time="0.111" /><testcase classname="backend.tests.test_dj_turntable_api.TestStationsEndpoints" name="test_get_stations_default" time="0.856" /><testcase classname="backend.tests.test_dj_turntable_api.TestStationsEndpoints" name="test_get_stations_with_tag" time="0.713" /><testcase classname="backend.tests.test_dj_turntable_api.TestStationsEndpoints" name="test_get_stations_with_limit" time="0.529" /><testcase classname="backend.tests.test_dj_turntable_api.TestStationsEndpoints" name="test_search_stations" time="0.791" /><testcase classname="backend.tests.test_dj_turntable_api.TestStreamProxy" name="test_stream_endpoint_exists" time="0.110" /><testcase classname="backend.tests.test_dj_turntable_api.TestStreamProxy" name="test_stream_requires_url_param" time="0.107" /><testcase classname="backend.tests.test_dj_turntable_api.TestFavoritesEndpoints" name="test_add_favorite" time="0.234" /><testcase classname="backend.tests.test_dj_turntable_api.TestFavoritesEndpoints" name="test_get_favorites" time="0.211" /><testcase classname="backend.tests.test_dj_turntable_api.TestFavoritesEndpoints" name="test_delete_favorite" time="0.397" /><testcase classname="backend.tests.test_dj_turntable_api.TestFavoritesEndpoints" name="test_delete_nonexistent_favorite" time="0.222" /><testcase classname="backend.tests.test_dj_turntable_api.TestStatusEndpoints" name="test_create_status_check" time="0.135" /><testcase classname="backend.tests.test_dj_turntable_api.TestStatusEndpoints" name="test_get_status_checks" time="0.101" /></testsuite></testsuites>